
============================================================
                     Running Test Suite                     
============================================================

[INFO] Executing tests...
Exception in thread Thread-2 (_readerthread):
Traceback (most recent call last):
  File "C:\Users\Lenovo\anaconda3\Lib\threading.py", line 1045, in _bootstrap_inner
    self.run()
  File "C:\Users\Lenovo\anaconda3\Lib\threading.py", line 982, in run
    self._target(*self._args, **self._kwargs)
  File "C:\Users\Lenovo\anaconda3\Lib\subprocess.py", line 1597, in _readerthread
    buffer.append(fh.read())
                  ^^^^^^^^^
  File "C:\Users\Lenovo\anaconda3\Lib\encodings\cp1254.py", line 23, in decode
    return codecs.charmap_decode(input,self.errors,decoding_table)[0]
           ^^^^^^^^^^^^^^^^^^^^^^^^^^^^^^^^^^^^^^^^^^^^^^^^^^^^^^^
UnicodeDecodeError: 'charmap' codec can't decode byte 0x8d in position 28: character maps to <undefined>
[ERROR] Some tests failed. Check output above.
